2020-04-22T19:00:10+00:00 CRITICAL Maximum execution time of 120 seconds exceeded, em C:\xampp\htdocs\erpb2m\wp-content\plugins\elementor\core\settings\base\css-manager.php, na linha 7

2020-04-22T20:01:57+00:00 CRITICAL Maximum execution time of 120 seconds exceeded, em C:\xampp\htdocs\erpb2m\wp-admin\includes\misc.php, na linha 16

2020-04-22T21:28:19+00:00 CRITICAL Uncaught Error: Call to a member function get_type() on string in C:\xampp\htdocs\erpb2m\wp-content\plugins\wc-custom-add-to-cart-labels\wc-custom-add-to-cart-labels.php:172
Stack trace:
#0 C:\xampp\htdocs\erpb2m\wp-includes\class-wp-hook.php(290): custom_woocommerce_product_add_to_cart_text('Comprar')
#1 C:\xampp\htdocs\erpb2m\wp-includes\plugin.php(206): WP_Hook->apply_filters('Comprar', Array)
#2 C:\xampp\htdocs\erpb2m\wp-content\plugins\woocommerce\includes\class-wc-product-simple.php(62): apply_filters('woocommerce_pro...', 'Comprar', Object(WC_Product_Simple))
#3 C:\xampp\htdocs\erpb2m\wp-content\themes\oceanwp\inc\woocommerce\woocommerce-config.php(1317): WC_Product_Simple->add_to_cart_text()
#4 C:\xampp\htdocs\erpb2m\wp-content\themes\oceanwp\inc\woocommerce\woocommerce-config.php(1296): OceanWP_WooCommerce_Config::floating_bar_add_to_cart(Object(WC_Product_Simple))
#5 C:\xampp\htdocs\erpb2m\wp-includes\class-wp-hook.php(288): OceanWP_WooCommerce_Config->floating_bar('')
#6 C:\xampp\htdocs\erpb2m\wp-i, em C:\xampp\htdocs\erpb2m\wp-content\plugins\wc-custom-add-to-cart-labels\wc-custom-add-to-cart-labels.php, na linha 172

2020-04-22T21:29:07+00:00 CRITICAL Uncaught Error: Call to a member function get_type() on string in C:\xampp\htdocs\erpb2m\wp-content\plugins\wc-custom-add-to-cart-labels\wc-custom-add-to-cart-labels.php:172
Stack trace:
#0 C:\xampp\htdocs\erpb2m\wp-includes\class-wp-hook.php(290): custom_woocommerce_product_add_to_cart_text('Comprar')
#1 C:\xampp\htdocs\erpb2m\wp-includes\plugin.php(206): WP_Hook->apply_filters('Comprar', Array)
#2 C:\xampp\htdocs\erpb2m\wp-content\plugins\woocommerce\includes\class-wc-product-simple.php(62): apply_filters('woocommerce_pro...', 'Comprar', Object(WC_Product_Simple))
#3 C:\xampp\htdocs\erpb2m\wp-content\themes\oceanwp\inc\woocommerce\woocommerce-config.php(1317): WC_Product_Simple->add_to_cart_text()
#4 C:\xampp\htdocs\erpb2m\wp-content\themes\oceanwp\inc\woocommerce\woocommerce-config.php(1296): OceanWP_WooCommerce_Config::floating_bar_add_to_cart(Object(WC_Product_Simple))
#5 C:\xampp\htdocs\erpb2m\wp-includes\class-wp-hook.php(288): OceanWP_WooCommerce_Config->floating_bar('')
#6 C:\xampp\htdocs\erpb2m\wp-i, em C:\xampp\htdocs\erpb2m\wp-content\plugins\wc-custom-add-to-cart-labels\wc-custom-add-to-cart-labels.php, na linha 172

2020-04-22T21:29:24+00:00 CRITICAL Uncaught Error: Call to a member function get_type() on string in C:\xampp\htdocs\erpb2m\wp-content\plugins\wc-custom-add-to-cart-labels\wc-custom-add-to-cart-labels.php:172
Stack trace:
#0 C:\xampp\htdocs\erpb2m\wp-includes\class-wp-hook.php(290): custom_woocommerce_product_add_to_cart_text('Comprar')
#1 C:\xampp\htdocs\erpb2m\wp-includes\plugin.php(206): WP_Hook->apply_filters('Comprar', Array)
#2 C:\xampp\htdocs\erpb2m\wp-content\plugins\woocommerce\includes\class-wc-product-simple.php(62): apply_filters('woocommerce_pro...', 'Comprar', Object(WC_Product_Simple))
#3 C:\xampp\htdocs\erpb2m\wp-content\themes\oceanwp\inc\woocommerce\woocommerce-config.php(1317): WC_Product_Simple->add_to_cart_text()
#4 C:\xampp\htdocs\erpb2m\wp-content\themes\oceanwp\inc\woocommerce\woocommerce-config.php(1296): OceanWP_WooCommerce_Config::floating_bar_add_to_cart(Object(WC_Product_Simple))
#5 C:\xampp\htdocs\erpb2m\wp-includes\class-wp-hook.php(288): OceanWP_WooCommerce_Config->floating_bar('')
#6 C:\xampp\htdocs\erpb2m\wp-i, em C:\xampp\htdocs\erpb2m\wp-content\plugins\wc-custom-add-to-cart-labels\wc-custom-add-to-cart-labels.php, na linha 172

2020-04-22T21:29:39+00:00 CRITICAL Uncaught Error: Call to a member function get_type() on string in C:\xampp\htdocs\erpb2m\wp-content\plugins\wc-custom-add-to-cart-labels\wc-custom-add-to-cart-labels.php:172
Stack trace:
#0 C:\xampp\htdocs\erpb2m\wp-includes\class-wp-hook.php(290): custom_woocommerce_product_add_to_cart_text('Comprar')
#1 C:\xampp\htdocs\erpb2m\wp-includes\plugin.php(206): WP_Hook->apply_filters('Comprar', Array)
#2 C:\xampp\htdocs\erpb2m\wp-content\plugins\woocommerce\includes\class-wc-product-simple.php(62): apply_filters('woocommerce_pro...', 'Comprar', Object(WC_Product_Simple))
#3 C:\xampp\htdocs\erpb2m\wp-content\themes\oceanwp\inc\woocommerce\woocommerce-config.php(1317): WC_Product_Simple->add_to_cart_text()
#4 C:\xampp\htdocs\erpb2m\wp-content\themes\oceanwp\inc\woocommerce\woocommerce-config.php(1296): OceanWP_WooCommerce_Config::floating_bar_add_to_cart(Object(WC_Product_Simple))
#5 C:\xampp\htdocs\erpb2m\wp-includes\class-wp-hook.php(288): OceanWP_WooCommerce_Config->floating_bar('')
#6 C:\xampp\htdocs\erpb2m\wp-i, em C:\xampp\htdocs\erpb2m\wp-content\plugins\wc-custom-add-to-cart-labels\wc-custom-add-to-cart-labels.php, na linha 172

2020-04-22T21:29:55+00:00 CRITICAL Uncaught Error: Call to a member function get_type() on string in C:\xampp\htdocs\erpb2m\wp-content\plugins\wc-custom-add-to-cart-labels\wc-custom-add-to-cart-labels.php:172
Stack trace:
#0 C:\xampp\htdocs\erpb2m\wp-includes\class-wp-hook.php(290): custom_woocommerce_product_add_to_cart_text('Comprar')
#1 C:\xampp\htdocs\erpb2m\wp-includes\plugin.php(206): WP_Hook->apply_filters('Comprar', Array)
#2 C:\xampp\htdocs\erpb2m\wp-content\plugins\woocommerce\includes\class-wc-product-simple.php(62): apply_filters('woocommerce_pro...', 'Comprar', Object(WC_Product_Simple))
#3 C:\xampp\htdocs\erpb2m\wp-content\themes\oceanwp\inc\woocommerce\woocommerce-config.php(1317): WC_Product_Simple->add_to_cart_text()
#4 C:\xampp\htdocs\erpb2m\wp-content\themes\oceanwp\inc\woocommerce\woocommerce-config.php(1296): OceanWP_WooCommerce_Config::floating_bar_add_to_cart(Object(WC_Product_Simple))
#5 C:\xampp\htdocs\erpb2m\wp-includes\class-wp-hook.php(288): OceanWP_WooCommerce_Config->floating_bar('')
#6 C:\xampp\htdocs\erpb2m\wp-i, em C:\xampp\htdocs\erpb2m\wp-content\plugins\wc-custom-add-to-cart-labels\wc-custom-add-to-cart-labels.php, na linha 172

2020-04-22T23:46:57+00:00 CRITICAL Maximum execution time of 120 seconds exceeded, em C:\xampp\htdocs\erpb2m\wp-content\plugins\woocommerce-gateway-paypal-express-checkout\includes\class-wc-gateway-ppec-refund.php, na linha 3

2020-04-22T23:47:21+00:00 CRITICAL Maximum execution time of 120 seconds exceeded, em C:\xampp\htdocs\erpb2m\wp-content\plugins\ocean-extra\includes\metabox\butterbean\inc\controls\class-control-checkboxes.php, na linha 20

